<?xml version="1.0" encoding="UTF-8"?>
<testsuite name="standup.StatusReportSpec" tests="1" skipped="0" failures="0" errors="0" timestamp="2016-05-28T03:13:03" hostname="BockMac.local" time="0.113">
  <properties/>
  <testcase name="test something" classname="standup.StatusReportSpec" time="0.113"/>
  <system-out><![CDATA[]]></system-out>
  <system-err><![CDATA[]]></system-err>
</testsuite>
